manifest-merger-release-report.txt
-- Merging decision tree log ---
manifest
ADDED from AndroidManifest.xml:2:1
	xmlns:android
		ADDED from AndroidManifest.xml:2:11
	package
		ADDED from AndroidManifest.xml:3:5
		INJECTED from AndroidManifest.xml:0:0
		INJECTED from AndroidManifest.xml:0:0
	android:versionName
		INJECTED from AndroidManifest.xml:0:0
		INJECTED from AndroidManifest.xml:0:0
	android:versionCode
		INJECTED from AndroidManifest.xml:0:0
		INJECTED from AndroidManifest.xml:0:0
uses-permission#android.permission.READ_CONTACTS
ADDED from AndroidManifest.xml:5:5
	android:name
		ADDED from AndroidManifest.xml:5:22
uses-permission#android.permission.INTERNET
ADDED from AndroidManifest.xml:6:5
	android:name
		ADDED from AndroidManifest.xml:6:22
uses-permission#android.permission.READ_SMS
ADDED from AndroidManifest.xml:7:5
	android:name
		ADDED from AndroidManifest.xml:7:22
application
ADDED from AndroidManifest.xml:9:5
MERGED from com.android.support:appcompat-v7:21.0.3:16:5
MERGED from com.android.support:support-v4:21.0.3:16:5
	android:label
		ADDED from AndroidManifest.xml:12:9
	android:allowBackup
		ADDED from AndroidManifest.xml:10:9
	android:icon
		ADDED from AndroidManifest.xml:11:9
	android:theme
		ADDED from AndroidManifest.xml:13:9
activity#com.ceria.amat.diclemente.Activity_Main
ADDED from AndroidManifest.xml:14:9
	android:screenOrientation
		ADDED from AndroidManifest.xml:15:13
	android:label
		ADDED from AndroidManifest.xml:17:13
	android:name
		ADDED from AndroidManifest.xml:16:13
intent-filter#android.intent.action.MAIN+android.intent.category.LAUNCHER
ADDED from AndroidManifest.xml:18:13
action#android.intent.action.MAIN
ADDED from AndroidManifest.xml:19:17
	android:name
		ADDED from AndroidManifest.xml:19:25
category#android.intent.category.LAUNCHER
ADDED from AndroidManifest.xml:21:17
	android:name
		ADDED from AndroidManifest.xml:21:27
activity#com.ceria.amat.diclemente.Activity_Contacts
ADDED from AndroidManifest.xml:25:9
	android:screenOrientation
		ADDED from AndroidManifest.xml:26:13
	android:label
		ADDED from AndroidManifest.xml:28:13
	android:name
		ADDED from AndroidManifest.xml:27:13
activity#com.ceria.amat.diclemente.Activity_Menu
ADDED from AndroidManifest.xml:30:9
	android:screenOrientation
		ADDED from AndroidManifest.xml:31:13
	android:label
		ADDED from AndroidManifest.xml:33:13
	android:name
		ADDED from AndroidManifest.xml:32:13
activity#com.ceria.amat.diclemente.Activity_SMS
ADDED from AndroidManifest.xml:35:9
	android:screenOrientation
		ADDED from AndroidManifest.xml:36:13
	android:label
		ADDED from AndroidManifest.xml:38:13
	android:name
		ADDED from AndroidManifest.xml:37:13
activity#com.ceria.amat.diclemente.Activity_About
ADDED from AndroidManifest.xml:40:9
	android:screenOrientation
		ADDED from AndroidManifest.xml:41:13
	android:label
		ADDED from AndroidManifest.xml:43:13
	android:name
		ADDED from AndroidManifest.xml:42:13
uses-sdk
INJECTED from AndroidManifest.xml:0:0 reason: use-sdk injection requested
MERGED from com.android.support:appcompat-v7:21.0.3:15:5
MERGED from com.android.support:support-v4:21.0.3:15:5
	android:targetSdkVersion
		INJECTED from AndroidManifest.xml:0:0
		INJECTED from AndroidManifest.xml:0:0
	android:minSdkVersion
		INJECTED from AndroidManifest.xml:0:0
		INJECTED from AndroidManifest.xml:0:0